The target system is: Linux - 1 - i686
The host system is: Linux - 4.10.0-38-generic - x86_64
Compiling the C compiler identification source file "CMakeCCompilerId.c" succeeded.
Compiler: /usr/bin/gcc 
Build flags: 
Id flags: 

The output was:
0


Compilation of the C compiler identification source "CMakeCCompilerId.c" produced "a.out"

The C compiler identification is GNU, found in "/home/cdh/OpenSatKit-master/cfs/build/cpu1/CMakeFiles/3.5.1/CompilerIdC/a.out"

Determining if the C compiler works passed with the following output:
Change Dir: /home/cdh/OpenSatKit-master/cfs/build/cpu1/CMakeFiles/CMakeTmp

Run Build Command:"/usr/bin/make" "cmTC_0b7de/fast"
make[1]: Entering directory '/home/cdh/OpenSatKit-master/cfs/build/cpu1/CMakeFiles/CMakeTmp'
/usr/bin/make -f CMakeFiles/cmTC_0b7de.dir/build.make CMakeFiles/cmTC_0b7de.dir/build
make[2]: Entering directory '/home/cdh/OpenSatKit-master/cfs/build/cpu1/CMakeFiles/CMakeTmp'
Building C object CMakeFiles/cmTC_0b7de.dir/testCCompiler.c.o
/usr/bin/gcc    -m32    -o CMakeFiles/cmTC_0b7de.dir/testCCompiler.c.o   -c /home/cdh/OpenSatKit-master/cfs/build/cpu1/CMakeFiles/CMakeTmp/testCCompiler.c
Linking C executable cmTC_0b7de
/usr/bin/cmake -E cmake_link_script CMakeFiles/cmTC_0b7de.dir/link.txt --verbose=1
/usr/bin/gcc  -m32     CMakeFiles/cmTC_0b7de.dir/testCCompiler.c.o  -o cmTC_0b7de -rdynamic 
make[2]: Leaving directory '/home/cdh/OpenSatKit-master/cfs/build/cpu1/CMakeFiles/CMakeTmp'
make[1]: Leaving directory '/home/cdh/OpenSatKit-master/cfs/build/cpu1/CMakeFiles/CMakeTmp'


Detecting C compiler ABI info compiled with the following output:
Change Dir: /home/cdh/OpenSatKit-master/cfs/build/cpu1/CMakeFiles/CMakeTmp

Run Build Command:"/usr/bin/make" "cmTC_ac372/fast"
make[1]: Entering directory '/home/cdh/OpenSatKit-master/cfs/build/cpu1/CMakeFiles/CMakeTmp'
/usr/bin/make -f CMakeFiles/cmTC_ac372.dir/build.make CMakeFiles/cmTC_ac372.dir/build
make[2]: Entering directory '/home/cdh/OpenSatKit-master/cfs/build/cpu1/CMakeFiles/CMakeTmp'
Building C object CMakeFiles/cmTC_ac372.dir/CMakeCCompilerABI.c.o
/usr/bin/gcc    -m32    -o CMakeFiles/cmTC_ac372.dir/CMakeCCompilerABI.c.o   -c /usr/share/cmake-3.5/Modules/CMakeCCompilerABI.c
Linking C executable cmTC_ac372
/usr/bin/cmake -E cmake_link_script CMakeFiles/cmTC_ac372.dir/link.txt --verbose=1
/usr/bin/gcc  -m32    -v CMakeFiles/cmTC_ac372.dir/CMakeCCompilerABI.c.o  -o cmTC_ac372 -rdynamic  
Using built-in specs.
COLLECT_GCC=/usr/bin/gcc
COLLECT_LTO_WRAPPER=/usr/lib/gcc/x86_64-linux-gnu/5/lto-wrapper
Target: x86_64-linux-gnu
Configured with: ../src/configure -v --with-pkgversion='Ubuntu 5.4.0-6ubuntu1~16.04.5' --with-bugurl=file:///usr/share/doc/gcc-5/README.Bugs --enable-languages=c,ada,c++,java,go,d,fortran,objc,obj-c++ --prefix=/usr --program-suffix=-5 --enable-shared --enable-linker-build-id --libexecdir=/usr/lib --without-included-gettext --enable-threads=posix --libdir=/usr/lib --enable-nls --with-sysroot=/ --enable-clocale=gnu --enable-libstdcxx-debug --enable-libstdcxx-time=yes --with-default-libstdcxx-abi=new --enable-gnu-unique-object --disable-vtable-verify --enable-libmpx --enable-plugin --with-system-zlib --disable-browser-plugin --enable-java-awt=gtk --enable-gtk-cairo --with-java-home=/usr/lib/jvm/java-1.5.0-gcj-5-amd64/jre --enable-java-home --with-jvm-root-dir=/usr/lib/jvm/java-1.5.0-gcj-5-amd64 --with-jvm-jar-dir=/usr/lib/jvm-exports/java-1.5.0-gcj-5-amd64 --with-arch-directory=amd64 --with-ecj-jar=/usr/share/java/eclipse-ecj.jar --enable-objc-gc --enable-multiarch --disable-werror --with-arch-32=i686 --with-abi=m64 --with-multilib-list=m32,m64,mx32 --enable-multilib --with-tune=generic --enable-checking=release --build=x86_64-linux-gnu --host=x86_64-linux-gnu --target=x86_64-linux-gnu
Thread model: posix
gcc version 5.4.0 20160609 (Ubuntu 5.4.0-6ubuntu1~16.04.5) 
COMPILER_PATH=/usr/lib/gcc/x86_64-linux-gnu/5/:/usr/lib/gcc/x86_64-linux-gnu/5/:/usr/lib/gcc/x86_64-linux-gnu/:/usr/lib/gcc/x86_64-linux-gnu/5/:/usr/lib/gcc/x86_64-linux-gnu/
LIBRARY_PATH=/usr/lib/gcc/x86_64-linux-gnu/5/32/:/usr/lib/gcc/x86_64-linux-gnu/5/../../../../lib32/:/lib/../lib32/:/usr/lib/../lib32/:/usr/lib/gcc/x86_64-linux-gnu/5/:/usr/lib/gcc/x86_64-linux-gnu/5/../../../:/lib/:/usr/lib/
COLLECT_GCC_OPTIONS='-m32' '-v' '-o' 'cmTC_ac372' '-rdynamic' '-mtune=generic' '-march=i686'
 /usr/lib/gcc/x86_64-linux-gnu/5/collect2 -plugin /usr/lib/gcc/x86_64-linux-gnu/5/liblto_plugin.so -plugin-opt=/usr/lib/gcc/x86_64-linux-gnu/5/lto-wrapper -plugin-opt=-fresolution=/tmp/ccABeLFh.res -plugin-opt=-pass-through=-lgcc -plugin-opt=-pass-through=-lgcc_s -plugin-opt=-pass-through=-lc -plugin-opt=-pass-through=-lgcc -plugin-opt=-pass-through=-lgcc_s --sysroot=/ --build-id --eh-frame-hdr -m elf_i386 --hash-style=gnu --as-needed -export-dynamic -dynamic-linker /lib/ld-linux.so.2 -z relro -o cmTC_ac372 /usr/lib/gcc/x86_64-linux-gnu/5/../../../../lib32/crt1.o /usr/lib/gcc/x86_64-linux-gnu/5/../../../../lib32/crti.o /usr/lib/gcc/x86_64-linux-gnu/5/32/crtbegin.o -L/usr/lib/gcc/x86_64-linux-gnu/5/32 -L/usr/lib/gcc/x86_64-linux-gnu/5/../../../../lib32 -L/lib/../lib32 -L/usr/lib/../lib32 -L/usr/lib/gcc/x86_64-linux-gnu/5 -L/usr/lib/gcc/x86_64-linux-gnu/5/../../.. CMakeFiles/cmTC_ac372.dir/CMakeCCompilerABI.c.o -lgcc --as-needed -lgcc_s --no-as-needed -lc -lgcc --as-needed -lgcc_s --no-as-needed /usr/lib/gcc/x86_64-linux-gnu/5/32/crtend.o /usr/lib/gcc/x86_64-linux-gnu/5/../../../../lib32/crtn.o
make[2]: Leaving directory '/home/cdh/OpenSatKit-master/cfs/build/cpu1/CMakeFiles/CMakeTmp'
make[1]: Leaving directory '/home/cdh/OpenSatKit-master/cfs/build/cpu1/CMakeFiles/CMakeTmp'


Parsed C implicit link information from above output:
  link line regex: [^( *|.*[/\])(ld|([^/\]+-)?ld|collect2)[^/\]*( |$)]
  ignore line: [Change Dir: /home/cdh/OpenSatKit-master/cfs/build/cpu1/CMakeFiles/CMakeTmp]
  ignore line: []
  ignore line: [Run Build Command:"/usr/bin/make" "cmTC_ac372/fast"]
  ignore line: [make[1]: Entering directory '/home/cdh/OpenSatKit-master/cfs/build/cpu1/CMakeFiles/CMakeTmp']
  ignore line: [/usr/bin/make -f CMakeFiles/cmTC_ac372.dir/build.make CMakeFiles/cmTC_ac372.dir/build]
  ignore line: [make[2]: Entering directory '/home/cdh/OpenSatKit-master/cfs/build/cpu1/CMakeFiles/CMakeTmp']
  ignore line: [Building C object CMakeFiles/cmTC_ac372.dir/CMakeCCompilerABI.c.o]
  ignore line: [/usr/bin/gcc    -m32    -o CMakeFiles/cmTC_ac372.dir/CMakeCCompilerABI.c.o   -c /usr/share/cmake-3.5/Modules/CMakeCCompilerABI.c]
  ignore line: [Linking C executable cmTC_ac372]
  ignore line: [/usr/bin/cmake -E cmake_link_script CMakeFiles/cmTC_ac372.dir/link.txt --verbose=1]
  ignore line: [/usr/bin/gcc  -m32    -v CMakeFiles/cmTC_ac372.dir/CMakeCCompilerABI.c.o  -o cmTC_ac372 -rdynamic  ]
  ignore line: [Using built-in specs.]
  ignore line: [COLLECT_GCC=/usr/bin/gcc]
  ignore line: [COLLECT_LTO_WRAPPER=/usr/lib/gcc/x86_64-linux-gnu/5/lto-wrapper]
  ignore line: [Target: x86_64-linux-gnu]
  ignore line: [Configured with: ../src/configure -v --with-pkgversion='Ubuntu 5.4.0-6ubuntu1~16.04.5' --with-bugurl=file:///usr/share/doc/gcc-5/README.Bugs --enable-languages=c,ada,c++,java,go,d,fortran,objc,obj-c++ --prefix=/usr --program-suffix=-5 --enable-shared --enable-linker-build-id --libexecdir=/usr/lib --without-included-gettext --enable-threads=posix --libdir=/usr/lib --enable-nls --with-sysroot=/ --enable-clocale=gnu --enable-libstdcxx-debug --enable-libstdcxx-time=yes --with-default-libstdcxx-abi=new --enable-gnu-unique-object --disable-vtable-verify --enable-libmpx --enable-plugin --with-system-zlib --disable-browser-plugin --enable-java-awt=gtk --enable-gtk-cairo --with-java-home=/usr/lib/jvm/java-1.5.0-gcj-5-amd64/jre --enable-java-home --with-jvm-root-dir=/usr/lib/jvm/java-1.5.0-gcj-5-amd64 --with-jvm-jar-dir=/usr/lib/jvm-exports/java-1.5.0-gcj-5-amd64 --with-arch-directory=amd64 --with-ecj-jar=/usr/share/java/eclipse-ecj.jar --enable-objc-gc --enable-multiarch --disable-werror --with-arch-32=i686 --with-abi=m64 --with-multilib-list=m32,m64,mx32 --enable-multilib --with-tune=generic --enable-checking=release --build=x86_64-linux-gnu --host=x86_64-linux-gnu --target=x86_64-linux-gnu]
  ignore line: [Thread model: posix]
  ignore line: [gcc version 5.4.0 20160609 (Ubuntu 5.4.0-6ubuntu1~16.04.5) ]
  ignore line: [COMPILER_PATH=/usr/lib/gcc/x86_64-linux-gnu/5/:/usr/lib/gcc/x86_64-linux-gnu/5/:/usr/lib/gcc/x86_64-linux-gnu/:/usr/lib/gcc/x86_64-linux-gnu/5/:/usr/lib/gcc/x86_64-linux-gnu/]
  ignore line: [LIBRARY_PATH=/usr/lib/gcc/x86_64-linux-gnu/5/32/:/usr/lib/gcc/x86_64-linux-gnu/5/../../../../lib32/:/lib/../lib32/:/usr/lib/../lib32/:/usr/lib/gcc/x86_64-linux-gnu/5/:/usr/lib/gcc/x86_64-linux-gnu/5/../../../:/lib/:/usr/lib/]
  ignore line: [COLLECT_GCC_OPTIONS='-m32' '-v' '-o' 'cmTC_ac372' '-rdynamic' '-mtune=generic' '-march=i686']
  link line: [ /usr/lib/gcc/x86_64-linux-gnu/5/collect2 -plugin /usr/lib/gcc/x86_64-linux-gnu/5/liblto_plugin.so -plugin-opt=/usr/lib/gcc/x86_64-linux-gnu/5/lto-wrapper -plugin-opt=-fresolution=/tmp/ccABeLFh.res -plugin-opt=-pass-through=-lgcc -plugin-opt=-pass-through=-lgcc_s -plugin-opt=-pass-through=-lc -plugin-opt=-pass-through=-lgcc -plugin-opt=-pass-through=-lgcc_s --sysroot=/ --build-id --eh-frame-hdr -m elf_i386 --hash-style=gnu --as-needed -export-dynamic -dynamic-linker /lib/ld-linux.so.2 -z relro -o cmTC_ac372 /usr/lib/gcc/x86_64-linux-gnu/5/../../../../lib32/crt1.o /usr/lib/gcc/x86_64-linux-gnu/5/../../../../lib32/crti.o /usr/lib/gcc/x86_64-linux-gnu/5/32/crtbegin.o -L/usr/lib/gcc/x86_64-linux-gnu/5/32 -L/usr/lib/gcc/x86_64-linux-gnu/5/../../../../lib32 -L/lib/../lib32 -L/usr/lib/../lib32 -L/usr/lib/gcc/x86_64-linux-gnu/5 -L/usr/lib/gcc/x86_64-linux-gnu/5/../../.. CMakeFiles/cmTC_ac372.dir/CMakeCCompilerABI.c.o -lgcc --as-needed -lgcc_s --no-as-needed -lc -lgcc --as-needed -lgcc_s --no-as-needed /usr/lib/gcc/x86_64-linux-gnu/5/32/crtend.o /usr/lib/gcc/x86_64-linux-gnu/5/../../../../lib32/crtn.o]
    arg [/usr/lib/gcc/x86_64-linux-gnu/5/collect2] ==> ignore
    arg [-plugin] ==> ignore
    arg [/usr/lib/gcc/x86_64-linux-gnu/5/liblto_plugin.so] ==> ignore
    arg [-plugin-opt=/usr/lib/gcc/x86_64-linux-gnu/5/lto-wrapper] ==> ignore
    arg [-plugin-opt=-fresolution=/tmp/ccABeLFh.res] ==> ignore
    arg [-plugin-opt=-pass-through=-lgcc] ==> ignore
    arg [-plugin-opt=-pass-through=-lgcc_s] ==> ignore
    arg [-plugin-opt=-pass-through=-lc] ==> ignore
    arg [-plugin-opt=-pass-through=-lgcc] ==> ignore
    arg [-plugin-opt=-pass-through=-lgcc_s] ==> ignore
    arg [--sysroot=/] ==> ignore
    arg [--build-id] ==> ignore
    arg [--eh-frame-hdr] ==> ignore
    arg [-m] ==> ignore
    arg [elf_i386] ==> ignore
    arg [--hash-style=gnu] ==> ignore
    arg [--as-needed] ==> ignore
    arg [-export-dynamic] ==> ignore
    arg [-dynamic-linker] ==> ignore
    arg [/lib/ld-linux.so.2] ==> ignore
    arg [-zrelro] ==> ignore
    arg [-o] ==> ignore
    arg [cmTC_ac372] ==> ignore
    arg [/usr/lib/gcc/x86_64-linux-gnu/5/../../../../lib32/crt1.o] ==> ignore
    arg [/usr/lib/gcc/x86_64-linux-gnu/5/../../../../lib32/crti.o] ==> ignore
    arg [/usr/lib/gcc/x86_64-linux-gnu/5/32/crtbegin.o] ==> ignore
    arg [-L/usr/lib/gcc/x86_64-linux-gnu/5/32] ==> dir [/usr/lib/gcc/x86_64-linux-gnu/5/32]
    arg [-L/usr/lib/gcc/x86_64-linux-gnu/5/../../../../lib32] ==> dir [/usr/lib/gcc/x86_64-linux-gnu/5/../../../../lib32]
    arg [-L/lib/../lib32] ==> dir [/lib/../lib32]
    arg [-L/usr/lib/../lib32] ==> dir [/usr/lib/../lib32]
    arg [-L/usr/lib/gcc/x86_64-linux-gnu/5] ==> dir [/usr/lib/gcc/x86_64-linux-gnu/5]
    arg [-L/usr/lib/gcc/x86_64-linux-gnu/5/../../..] ==> dir [/usr/lib/gcc/x86_64-linux-gnu/5/../../..]
    arg [CMakeFiles/cmTC_ac372.dir/CMakeCCompilerABI.c.o] ==> ignore
    arg [-lgcc] ==> lib [gcc]
    arg [--as-needed] ==> ignore
    arg [-lgcc_s] ==> lib [gcc_s]
    arg [--no-as-needed] ==> ignore
    arg [-lc] ==> lib [c]
    arg [-lgcc] ==> lib [gcc]
    arg [--as-needed] ==> ignore
    arg [-lgcc_s] ==> lib [gcc_s]
    arg [--no-as-needed] ==> ignore
    arg [/usr/lib/gcc/x86_64-linux-gnu/5/32/crtend.o] ==> ignore
    arg [/usr/lib/gcc/x86_64-linux-gnu/5/../../../../lib32/crtn.o] ==> ignore
  remove lib [gcc]
  remove lib [gcc_s]
  remove lib [gcc]
  remove lib [gcc_s]
  collapse library dir [/usr/lib/gcc/x86_64-linux-gnu/5/32] ==> [/usr/lib/gcc/x86_64-linux-gnu/5/32]
  collapse library dir [/usr/lib/gcc/x86_64-linux-gnu/5/../../../../lib32] ==> [/usr/lib32]
  collapse library dir [/lib/../lib32] ==> [/lib32]
  collapse library dir [/usr/lib/../lib32] ==> [/usr/lib32]
  collapse library dir [/usr/lib/gcc/x86_64-linux-gnu/5] ==> [/usr/lib/gcc/x86_64-linux-gnu/5]
  collapse library dir [/usr/lib/gcc/x86_64-linux-gnu/5/../../..] ==> [/usr/lib]
  implicit libs: [c]
  implicit dirs: [/usr/lib/gcc/x86_64-linux-gnu/5/32;/usr/lib32;/lib32;/usr/lib/gcc/x86_64-linux-gnu/5;/usr/lib]
  implicit fwks: []




Detecting C [-std=c11] compiler features compiled with the following output:
Change Dir: /home/cdh/OpenSatKit-master/cfs/build/cpu1/CMakeFiles/CMakeTmp

Run Build Command:"/usr/bin/make" "cmTC_9c5fa/fast"
make[1]: Entering directory '/home/cdh/OpenSatKit-master/cfs/build/cpu1/CMakeFiles/CMakeTmp'
/usr/bin/make -f CMakeFiles/cmTC_9c5fa.dir/build.make CMakeFiles/cmTC_9c5fa.dir/build
make[2]: Entering directory '/home/cdh/OpenSatKit-master/cfs/build/cpu1/CMakeFiles/CMakeTmp'
Building C object CMakeFiles/cmTC_9c5fa.dir/feature_tests.c.o
/usr/bin/gcc    -m32    -std=c11 -o CMakeFiles/cmTC_9c5fa.dir/feature_tests.c.o   -c /home/cdh/OpenSatKit-master/cfs/build/cpu1/CMakeFiles/feature_tests.c
Linking C executable cmTC_9c5fa
/usr/bin/cmake -E cmake_link_script CMakeFiles/cmTC_9c5fa.dir/link.txt --verbose=1
/usr/bin/gcc  -m32     CMakeFiles/cmTC_9c5fa.dir/feature_tests.c.o  -o cmTC_9c5fa -rdynamic 
make[2]: Leaving directory '/home/cdh/OpenSatKit-master/cfs/build/cpu1/CMakeFiles/CMakeTmp'
make[1]: Leaving directory '/home/cdh/OpenSatKit-master/cfs/build/cpu1/CMakeFiles/CMakeTmp'


    Feature record: C_FEATURE:1c_function_prototypes
    Feature record: C_FEATURE:1c_restrict
    Feature record: C_FEATURE:1c_static_assert
    Feature record: C_FEATURE:1c_variadic_macros


Detecting C [-std=c99] compiler features compiled with the following output:
Change Dir: /home/cdh/OpenSatKit-master/cfs/build/cpu1/CMakeFiles/CMakeTmp

Run Build Command:"/usr/bin/make" "cmTC_0d9fa/fast"
make[1]: Entering directory '/home/cdh/OpenSatKit-master/cfs/build/cpu1/CMakeFiles/CMakeTmp'
/usr/bin/make -f CMakeFiles/cmTC_0d9fa.dir/build.make CMakeFiles/cmTC_0d9fa.dir/build
make[2]: Entering directory '/home/cdh/OpenSatKit-master/cfs/build/cpu1/CMakeFiles/CMakeTmp'
Building C object CMakeFiles/cmTC_0d9fa.dir/feature_tests.c.o
/usr/bin/gcc    -m32    -std=c99 -o CMakeFiles/cmTC_0d9fa.dir/feature_tests.c.o   -c /home/cdh/OpenSatKit-master/cfs/build/cpu1/CMakeFiles/feature_tests.c
Linking C executable cmTC_0d9fa
/usr/bin/cmake -E cmake_link_script CMakeFiles/cmTC_0d9fa.dir/link.txt --verbose=1
/usr/bin/gcc  -m32     CMakeFiles/cmTC_0d9fa.dir/feature_tests.c.o  -o cmTC_0d9fa -rdynamic 
make[2]: Leaving directory '/home/cdh/OpenSatKit-master/cfs/build/cpu1/CMakeFiles/CMakeTmp'
make[1]: Leaving directory '/home/cdh/OpenSatKit-master/cfs/build/cpu1/CMakeFiles/CMakeTmp'


    Feature record: C_FEATURE:1c_function_prototypes
    Feature record: C_FEATURE:1c_restrict
    Feature record: C_FEATURE:0c_static_assert
    Feature record: C_FEATURE:1c_variadic_macros


Detecting C [-std=c90] compiler features compiled with the following output:
Change Dir: /home/cdh/OpenSatKit-master/cfs/build/cpu1/CMakeFiles/CMakeTmp

Run Build Command:"/usr/bin/make" "cmTC_c1ba1/fast"
make[1]: Entering directory '/home/cdh/OpenSatKit-master/cfs/build/cpu1/CMakeFiles/CMakeTmp'
/usr/bin/make -f CMakeFiles/cmTC_c1ba1.dir/build.make CMakeFiles/cmTC_c1ba1.dir/build
make[2]: Entering directory '/home/cdh/OpenSatKit-master/cfs/build/cpu1/CMakeFiles/CMakeTmp'
Building C object CMakeFiles/cmTC_c1ba1.dir/feature_tests.c.o
/usr/bin/gcc    -m32    -std=c90 -o CMakeFiles/cmTC_c1ba1.dir/feature_tests.c.o   -c /home/cdh/OpenSatKit-master/cfs/build/cpu1/CMakeFiles/feature_tests.c
Linking C executable cmTC_c1ba1
/usr/bin/cmake -E cmake_link_script CMakeFiles/cmTC_c1ba1.dir/link.txt --verbose=1
/usr/bin/gcc  -m32     CMakeFiles/cmTC_c1ba1.dir/feature_tests.c.o  -o cmTC_c1ba1 -rdynamic 
make[2]: Leaving directory '/home/cdh/OpenSatKit-master/cfs/build/cpu1/CMakeFiles/CMakeTmp'
make[1]: Leaving directory '/home/cdh/OpenSatKit-master/cfs/build/cpu1/CMakeFiles/CMakeTmp'


    Feature record: C_FEATURE:1c_function_prototypes
    Feature record: C_FEATURE:0c_restrict
    Feature record: C_FEATURE:0c_static_assert
    Feature record: C_FEATURE:0c_variadic_macros
